[31m  ERROR[0m - [[33m03/May/2010 00:33:46[0m] "Sequel::DatabaseError - SQLite3::SQLException: no such table: feeds:
 /Users/mwlang/.gem/ruby/1.8/gems/sqlite3-ruby-1.2.5/lib/sqlite3/errors.rb:62:in `check'
 /Users/mwlang/.gem/ruby/1.8/gems/sqlite3-ruby-1.2.5/lib/sqlite3/statement.rb:40:in `initialize'
 /Users/mwlang/.gem/ruby/1.8/gems/sqlite3-ruby-1.2.5/lib/sqlite3/database.rb:160:in `new'
 /Users/mwlang/.gem/ruby/1.8/gems/sqlite3-ruby-1.2.5/lib/sqlite3/database.rb:160:in `prepare'
 /Users/mwlang/.gem/ruby/1.8/gems/sqlite3-ruby-1.2.5/lib/sqlite3/database.rb:251:in `query'
 /Users/mwlang/.bundle/ruby/1.8/gems/sequel-3.10.0/lib/sequel/adapters/sqlite.rb:83:in `execute'
 /Users/mwlang/.bundle/ruby/1.8/gems/sequel-3.10.0/lib/sequel/adapters/sqlite.rb:98:in `_execute'
 /Users/mwlang/.bundle/ruby/1.8/gems/sequel-3.10.0/lib/sequel/connection_pool/threaded.rb:84:in `hold'
 /Users/mwlang/.bundle/ruby/1.8/gems/sequel-3.10.0/lib/sequel/database.rb:535:in `synchronize'
 /Users/mwlang/.bundle/ruby/1.8/gems/sequel-3.10.0/lib/sequel/adapters/sqlite.rb:98:in `_execute'
 /Users/mwlang/.bundle/ruby/1.8/gems/sequel-3.10.0/lib/sequel/adapters/sqlite.rb:83:in `execute'
 /Users/mwlang/.bundle/ruby/1.8/gems/sequel-3.10.0/lib/sequel/dataset/actions.rb:100:in `execute'
 /Users/mwlang/.bundle/ruby/1.8/gems/sequel-3.10.0/lib/sequel/adapters/sqlite.rb:181:in `fetch_rows'
 /Users/mwlang/.bundle/ruby/1.8/gems/sequel-3.10.0/lib/sequel/dataset/actions.rb:59:in `each'
 /Users/mwlang/.bundle/ruby/1.8/gems/sequel-3.10.0/lib/sequel/dataset/actions.rb:13:in `all'
 /Users/mwlang/.bundle/ruby/1.8/gems/sequel-3.10.0/lib/sequel/model/base.rb:481:in `all'
 /Users/mwlang/projects/personal/padrino/mashup/app/controllers/main.rb:10:in `GET (/)'
 /opt/local/lib/ruby/gems/1.8/gems/padrino-core-0.9.10/lib/padrino-core/application/routing.rb:267:in `call'
 /opt/local/lib/ruby/gems/1.8/gems/padrino-core-0.9.10/lib/padrino-core/application/routing.rb:267:in `route'
 /opt/local/lib/ruby/gems/1.8/gems/sinatra-1.0/lib/sinatra/base.rb:522:in `instance_eval'
 /opt/local/lib/ruby/gems/1.8/gems/sinatra-1.0/lib/sinatra/base.rb:522:in `route_eval'
 /opt/local/lib/ruby/gems/1.8/gems/padrino-core-0.9.10/lib/padrino-core/application/routing.rb:100:in `route!'
 /opt/local/lib/ruby/gems/1.8/gems/padrino-core-0.9.10/lib/padrino-core/application/routing.rb:89:in `catch'
 /opt/local/lib/ruby/gems/1.8/gems/padrino-core-0.9.10/lib/padrino-core/application/routing.rb:89:in `route!'
 /opt/local/lib/ruby/gems/1.8/gems/sinatra-1.0/lib/sinatra/base.rb:602:in `dispatch!'
 /opt/local/lib/ruby/gems/1.8/gems/sinatra-1.0/lib/sinatra/base.rb:412:in `call!'
 /opt/local/lib/ruby/gems/1.8/gems/sinatra-1.0/lib/sinatra/base.rb:567:in `instance_eval'
 /opt/local/lib/ruby/gems/1.8/gems/sinatra-1.0/lib/sinatra/base.rb:567:in `invoke'
 /opt/local/lib/ruby/gems/1.8/gems/sinatra-1.0/lib/sinatra/base.rb:567:in `catch'
 /opt/local/lib/ruby/gems/1.8/gems/sinatra-1.0/lib/sinatra/base.rb:567:in `invoke'
 /opt/local/lib/ruby/gems/1.8/gems/sinatra-1.0/lib/sinatra/base.rb:412:in `call!'
 /opt/local/lib/ruby/gems/1.8/gems/sinatra-1.0/lib/sinatra/base.rb:400:in `call'
 /opt/local/lib/ruby/gems/1.8/gems/rack-1.1.0/lib/rack/methodoverride.rb:24:in `call'
 /opt/local/lib/ruby/gems/1.8/gems/sinatra-1.0/lib/sinatra/base.rb:980:in `call'
 /opt/local/lib/ruby/gems/1.8/gems/sinatra-1.0/lib/sinatra/base.rb:1006:in `synchronize'
 /opt/local/lib/ruby/gems/1.8/gems/sinatra-1.0/lib/sinatra/base.rb:980:in `call'
 /opt/local/lib/ruby/gems/1.8/gems/padrino-core-0.9.10/lib/padrino-core/router.rb:69:in `call'
 /opt/local/lib/ruby/gems/1.8/gems/padrino-core-0.9.10/lib/padrino-core/router.rb:64:in `each'
 /opt/local/lib/ruby/gems/1.8/gems/padrino-core-0.9.10/lib/padrino-core/router.rb:64:in `call'
 /opt/local/lib/ruby/gems/1.8/gems/passenger-2.2.11/lib/phusion_passenger/rack/request_handler.rb:92:in `process_request'
 /opt/local/lib/ruby/gems/1.8/gems/passenger-2.2.11/lib/phusion_passenger/abstract_request_handler.rb:207:in `main_loop'
 /opt/local/lib/ruby/gems/1.8/gems/passenger-2.2.11/lib/phusion_passenger/rack/application_spawner.rb:118:in `run'
 /opt/local/lib/ruby/gems/1.8/gems/passenger-2.2.11/lib/phusion_passenger/rack/application_spawner.rb:65:in `spawn_application'
 /opt/local/lib/ruby/gems/1.8/gems/passenger-2.2.11/lib/phusion_passenger/utils.rb:184:in `safe_fork'
 /opt/local/lib/ruby/gems/1.8/gems/passenger-2.2.11/lib/phusion_passenger/rack/application_spawner.rb:58:in `spawn_application'
 /opt/local/lib/ruby/gems/1.8/gems/passenger-2.2.11/lib/phusion_passenger/rack/application_spawner.rb:41:in `spawn_application'
 /opt/local/lib/ruby/gems/1.8/gems/passenger-2.2.11/lib/phusion_passenger/spawn_manager.rb:159:in `spawn_application'
 /opt/local/lib/ruby/gems/1.8/gems/passenger-2.2.11/lib/phusion_passenger/spawn_manager.rb:287:in `handle_spawn_application'
 /opt/local/lib/ruby/gems/1.8/gems/passenger-2.2.11/lib/phusion_passenger/abstract_server.rb:352:in `__send__'
 /opt/local/lib/ruby/gems/1.8/gems/passenger-2.2.11/lib/phusion_passenger/abstract_server.rb:352:in `main_loop'
 /opt/local/lib/ruby/gems/1.8/gems/passenger-2.2.11/lib/phusion_passenger/abstract_server.rb:196:in `start_synchronously'
 /opt/local/lib/ruby/gems/1.8/gems/passenger-2.2.11/bin/passenger-spawn-server:61"
[31m  ERROR[0m - [[33m03/May/2010 00:33:59[0m] "Sequel::DatabaseError - SQLite3::SQLException: no such table: feeds:
 /Users/mwlang/.gem/ruby/1.8/gems/sqlite3-ruby-1.2.5/lib/sqlite3/errors.rb:62:in `check'
 /Users/mwlang/.gem/ruby/1.8/gems/sqlite3-ruby-1.2.5/lib/sqlite3/statement.rb:40:in `initialize'
 /Users/mwlang/.gem/ruby/1.8/gems/sqlite3-ruby-1.2.5/lib/sqlite3/database.rb:160:in `new'
 /Users/mwlang/.gem/ruby/1.8/gems/sqlite3-ruby-1.2.5/lib/sqlite3/database.rb:160:in `prepare'
 /Users/mwlang/.gem/ruby/1.8/gems/sqlite3-ruby-1.2.5/lib/sqlite3/database.rb:251:in `query'
 /Users/mwlang/.bundle/ruby/1.8/gems/sequel-3.10.0/lib/sequel/adapters/sqlite.rb:83:in `execute'
 /Users/mwlang/.bundle/ruby/1.8/gems/sequel-3.10.0/lib/sequel/adapters/sqlite.rb:98:in `_execute'
 /Users/mwlang/.bundle/ruby/1.8/gems/sequel-3.10.0/lib/sequel/connection_pool/threaded.rb:84:in `hold'
 /Users/mwlang/.bundle/ruby/1.8/gems/sequel-3.10.0/lib/sequel/database.rb:535:in `synchronize'
 /Users/mwlang/.bundle/ruby/1.8/gems/sequel-3.10.0/lib/sequel/adapters/sqlite.rb:98:in `_execute'
 /Users/mwlang/.bundle/ruby/1.8/gems/sequel-3.10.0/lib/sequel/adapters/sqlite.rb:83:in `execute'
 /Users/mwlang/.bundle/ruby/1.8/gems/sequel-3.10.0/lib/sequel/dataset/actions.rb:100:in `execute'
 /Users/mwlang/.bundle/ruby/1.8/gems/sequel-3.10.0/lib/sequel/adapters/sqlite.rb:181:in `fetch_rows'
 /Users/mwlang/.bundle/ruby/1.8/gems/sequel-3.10.0/lib/sequel/dataset/actions.rb:59:in `each'
 /Users/mwlang/.bundle/ruby/1.8/gems/sequel-3.10.0/lib/sequel/dataset/actions.rb:13:in `all'
 /Users/mwlang/.bundle/ruby/1.8/gems/sequel-3.10.0/lib/sequel/model/base.rb:481:in `all'
 /Users/mwlang/projects/personal/padrino/mashup/app/controllers/main.rb:10:in `GET (/)'
 /opt/local/lib/ruby/gems/1.8/gems/padrino-core-0.9.10/lib/padrino-core/application/routing.rb:267:in `call'
 /opt/local/lib/ruby/gems/1.8/gems/padrino-core-0.9.10/lib/padrino-core/application/routing.rb:267:in `route'
 /opt/local/lib/ruby/gems/1.8/gems/sinatra-1.0/lib/sinatra/base.rb:522:in `instance_eval'
 /opt/local/lib/ruby/gems/1.8/gems/sinatra-1.0/lib/sinatra/base.rb:522:in `route_eval'
 /opt/local/lib/ruby/gems/1.8/gems/padrino-core-0.9.10/lib/padrino-core/application/routing.rb:100:in `route!'
 /opt/local/lib/ruby/gems/1.8/gems/padrino-core-0.9.10/lib/padrino-core/application/routing.rb:89:in `catch'
 /opt/local/lib/ruby/gems/1.8/gems/padrino-core-0.9.10/lib/padrino-core/application/routing.rb:89:in `route!'
 /opt/local/lib/ruby/gems/1.8/gems/sinatra-1.0/lib/sinatra/base.rb:602:in `dispatch!'
 /opt/local/lib/ruby/gems/1.8/gems/sinatra-1.0/lib/sinatra/base.rb:412:in `call!'
 /opt/local/lib/ruby/gems/1.8/gems/sinatra-1.0/lib/sinatra/base.rb:567:in `instance_eval'
 /opt/local/lib/ruby/gems/1.8/gems/sinatra-1.0/lib/sinatra/base.rb:567:in `invoke'
 /opt/local/lib/ruby/gems/1.8/gems/sinatra-1.0/lib/sinatra/base.rb:567:in `catch'
 /opt/local/lib/ruby/gems/1.8/gems/sinatra-1.0/lib/sinatra/base.rb:567:in `invoke'
 /opt/local/lib/ruby/gems/1.8/gems/sinatra-1.0/lib/sinatra/base.rb:412:in `call!'
 /opt/local/lib/ruby/gems/1.8/gems/sinatra-1.0/lib/sinatra/base.rb:400:in `call'
 /opt/local/lib/ruby/gems/1.8/gems/rack-1.1.0/lib/rack/methodoverride.rb:24:in `call'
 /opt/local/lib/ruby/gems/1.8/gems/sinatra-1.0/lib/sinatra/base.rb:980:in `call'
 /opt/local/lib/ruby/gems/1.8/gems/sinatra-1.0/lib/sinatra/base.rb:1006:in `synchronize'
 /opt/local/lib/ruby/gems/1.8/gems/sinatra-1.0/lib/sinatra/base.rb:980:in `call'
 /opt/local/lib/ruby/gems/1.8/gems/padrino-core-0.9.10/lib/padrino-core/router.rb:69:in `call'
 /opt/local/lib/ruby/gems/1.8/gems/padrino-core-0.9.10/lib/padrino-core/router.rb:64:in `each'
 /opt/local/lib/ruby/gems/1.8/gems/padrino-core-0.9.10/lib/padrino-core/router.rb:64:in `call'
 /opt/local/lib/ruby/gems/1.8/gems/passenger-2.2.11/lib/phusion_passenger/rack/request_handler.rb:92:in `process_request'
 /opt/local/lib/ruby/gems/1.8/gems/passenger-2.2.11/lib/phusion_passenger/abstract_request_handler.rb:207:in `main_loop'
 /opt/local/lib/ruby/gems/1.8/gems/passenger-2.2.11/lib/phusion_passenger/rack/application_spawner.rb:118:in `run'
 /opt/local/lib/ruby/gems/1.8/gems/passenger-2.2.11/lib/phusion_passenger/rack/application_spawner.rb:65:in `spawn_application'
 /opt/local/lib/ruby/gems/1.8/gems/passenger-2.2.11/lib/phusion_passenger/utils.rb:184:in `safe_fork'
 /opt/local/lib/ruby/gems/1.8/gems/passenger-2.2.11/lib/phusion_passenger/rack/application_spawner.rb:58:in `spawn_application'
 /opt/local/lib/ruby/gems/1.8/gems/passenger-2.2.11/lib/phusion_passenger/rack/application_spawner.rb:41:in `spawn_application'
 /opt/local/lib/ruby/gems/1.8/gems/passenger-2.2.11/lib/phusion_passenger/spawn_manager.rb:159:in `spawn_application'
 /opt/local/lib/ruby/gems/1.8/gems/passenger-2.2.11/lib/phusion_passenger/spawn_manager.rb:287:in `handle_spawn_application'
 /opt/local/lib/ruby/gems/1.8/gems/passenger-2.2.11/lib/phusion_passenger/abstract_server.rb:352:in `__send__'
 /opt/local/lib/ruby/gems/1.8/gems/passenger-2.2.11/lib/phusion_passenger/abstract_server.rb:352:in `main_loop'
 /opt/local/lib/ruby/gems/1.8/gems/passenger-2.2.11/lib/phusion_passenger/abstract_server.rb:196:in `start_synchronously'
 /opt/local/lib/ruby/gems/1.8/gems/passenger-2.2.11/bin/passenger-spawn-server:61"
[31m  ERROR[0m - [[33m03/May/2010 00:35:31[0m] "NoMethodError - private method `link' called for #<Feed:0x1ea5a28>:
 /Users/mwlang/projects/personal/padrino/mashup/app/views/main/index.erubis:3:in `__tilt_75d142cfb775fb1aca91c7585c76114d'
 /Users/mwlang/projects/personal/padrino/mashup/app/views/main/index.erubis:1:in `each'
 /Users/mwlang/projects/personal/padrino/mashup/app/views/main/index.erubis:1:in `__tilt_75d142cfb775fb1aca91c7585c76114d'
 /opt/local/lib/ruby/gems/1.8/gems/sinatra-1.0/lib/sinatra/tilt.rb:195:in `send'
 /opt/local/lib/ruby/gems/1.8/gems/sinatra-1.0/lib/sinatra/tilt.rb:195:in `evaluate'
 /opt/local/lib/ruby/gems/1.8/gems/sinatra-1.0/lib/sinatra/tilt.rb:131:in `render'
 /opt/local/lib/ruby/gems/1.8/gems/sinatra-1.0/lib/sinatra/base.rb:344:in `render'
 /opt/local/lib/ruby/gems/1.8/gems/padrino-core-0.9.10/lib/padrino-core/application/rendering.rb:105:in `render'
 /Users/mwlang/projects/personal/padrino/mashup/app/controllers/main.rb:11:in `GET (/)'
 /opt/local/lib/ruby/gems/1.8/gems/padrino-core-0.9.10/lib/padrino-core/application/routing.rb:267:in `call'
 /opt/local/lib/ruby/gems/1.8/gems/padrino-core-0.9.10/lib/padrino-core/application/routing.rb:267:in `route'
 /opt/local/lib/ruby/gems/1.8/gems/sinatra-1.0/lib/sinatra/base.rb:522:in `instance_eval'
 /opt/local/lib/ruby/gems/1.8/gems/sinatra-1.0/lib/sinatra/base.rb:522:in `route_eval'
 /opt/local/lib/ruby/gems/1.8/gems/padrino-core-0.9.10/lib/padrino-core/application/routing.rb:100:in `route!'
 /opt/local/lib/ruby/gems/1.8/gems/padrino-core-0.9.10/lib/padrino-core/application/routing.rb:89:in `catch'
 /opt/local/lib/ruby/gems/1.8/gems/padrino-core-0.9.10/lib/padrino-core/application/routing.rb:89:in `route!'
 /opt/local/lib/ruby/gems/1.8/gems/sinatra-1.0/lib/sinatra/base.rb:602:in `dispatch!'
 /opt/local/lib/ruby/gems/1.8/gems/sinatra-1.0/lib/sinatra/base.rb:412:in `call!'
 /opt/local/lib/ruby/gems/1.8/gems/sinatra-1.0/lib/sinatra/base.rb:567:in `instance_eval'
 /opt/local/lib/ruby/gems/1.8/gems/sinatra-1.0/lib/sinatra/base.rb:567:in `invoke'
 /opt/local/lib/ruby/gems/1.8/gems/sinatra-1.0/lib/sinatra/base.rb:567:in `catch'
 /opt/local/lib/ruby/gems/1.8/gems/sinatra-1.0/lib/sinatra/base.rb:567:in `invoke'
 /opt/local/lib/ruby/gems/1.8/gems/sinatra-1.0/lib/sinatra/base.rb:412:in `call!'
 /opt/local/lib/ruby/gems/1.8/gems/sinatra-1.0/lib/sinatra/base.rb:400:in `call'
 /opt/local/lib/ruby/gems/1.8/gems/rack-1.1.0/lib/rack/methodoverride.rb:24:in `call'
 /opt/local/lib/ruby/gems/1.8/gems/sinatra-1.0/lib/sinatra/base.rb:980:in `call'
 /opt/local/lib/ruby/gems/1.8/gems/sinatra-1.0/lib/sinatra/base.rb:1006:in `synchronize'
 /opt/local/lib/ruby/gems/1.8/gems/sinatra-1.0/lib/sinatra/base.rb:980:in `call'
 /opt/local/lib/ruby/gems/1.8/gems/padrino-core-0.9.10/lib/padrino-core/router.rb:69:in `call'
 /opt/local/lib/ruby/gems/1.8/gems/padrino-core-0.9.10/lib/padrino-core/router.rb:64:in `each'
 /opt/local/lib/ruby/gems/1.8/gems/padrino-core-0.9.10/lib/padrino-core/router.rb:64:in `call'
 /opt/local/lib/ruby/gems/1.8/gems/passenger-2.2.11/lib/phusion_passenger/rack/request_handler.rb:92:in `process_request'
 /opt/local/lib/ruby/gems/1.8/gems/passenger-2.2.11/lib/phusion_passenger/abstract_request_handler.rb:207:in `main_loop'
 /opt/local/lib/ruby/gems/1.8/gems/passenger-2.2.11/lib/phusion_passenger/rack/application_spawner.rb:118:in `run'
 /opt/local/lib/ruby/gems/1.8/gems/passenger-2.2.11/lib/phusion_passenger/rack/application_spawner.rb:65:in `spawn_application'
 /opt/local/lib/ruby/gems/1.8/gems/passenger-2.2.11/lib/phusion_passenger/utils.rb:184:in `safe_fork'
 /opt/local/lib/ruby/gems/1.8/gems/passenger-2.2.11/lib/phusion_passenger/rack/application_spawner.rb:58:in `spawn_application'
 /opt/local/lib/ruby/gems/1.8/gems/passenger-2.2.11/lib/phusion_passenger/rack/application_spawner.rb:41:in `spawn_application'
 /opt/local/lib/ruby/gems/1.8/gems/passenger-2.2.11/lib/phusion_passenger/spawn_manager.rb:159:in `spawn_application'
 /opt/local/lib/ruby/gems/1.8/gems/passenger-2.2.11/lib/phusion_passenger/spawn_manager.rb:287:in `handle_spawn_application'
 /opt/local/lib/ruby/gems/1.8/gems/passenger-2.2.11/lib/phusion_passenger/abstract_server.rb:352:in `__send__'
 /opt/local/lib/ruby/gems/1.8/gems/passenger-2.2.11/lib/phusion_passenger/abstract_server.rb:352:in `main_loop'
 /opt/local/lib/ruby/gems/1.8/gems/passenger-2.2.11/lib/phusion_passenger/abstract_server.rb:196:in `start_synchronously'
 /opt/local/lib/ruby/gems/1.8/gems/passenger-2.2.11/bin/passenger-spawn-server:61"
